
The following files have been resolved:
   org.springframework.boot:spring-boot-starter-data-jpa:jar:3.3.4:compile -- module spring.boot.starter.data.jpa [auto]
   org.springframework.boot:spring-boot-starter-aop:jar:3.3.4:compile -- module spring.boot.starter.aop [auto]
   org.springframework:spring-aop:jar:6.1.13:compile -- module spring.aop [auto]
   org.aspectj:aspectjweaver:jar:1.9.22.1:compile -- module org.aspectj.weaver [auto]
   org.springframework.boot:spring-boot-starter-jdbc:jar:3.3.4:compile -- module spring.boot.starter.jdbc [auto]
   com.zaxxer:HikariCP:jar:5.1.0:compile -- module com.zaxxer.hikari
   org.springframework:spring-jdbc:jar:6.1.13:compile -- module spring.jdbc [auto]
   org.hibernate.orm:hibernate-core:jar:6.5.3.Final:compile -- module org.hibernate.orm.core [auto]
   jakarta.persistence:jakarta.persistence-api:jar:3.1.0:compile -- module jakarta.persistence
   jakarta.transaction:jakarta.transaction-api:jar:2.0.1:compile -- module jakarta.transaction
   org.jboss.logging:jboss-logging:jar:3.5.3.Final:runtime -- module org.jboss.logging
   org.hibernate.common:hibernate-commons-annotations:jar:6.0.6.Final:runtime -- module org.hibernate.commons.annotations
   io.smallrye:jandex:jar:3.1.2:runtime -- module org.jboss.jandex [auto]
   com.fasterxml:classmate:jar:1.7.0:runtime -- module com.fasterxml.classmate
   net.bytebuddy:byte-buddy:jar:1.14.19:runtime -- module net.bytebuddy
   org.glassfish.jaxb:jaxb-runtime:jar:4.0.5:runtime -- module org.glassfish.jaxb.runtime
   org.glassfish.jaxb:jaxb-core:jar:4.0.5:runtime -- module org.glassfish.jaxb.core
   org.eclipse.angus:angus-activation:jar:2.0.2:runtime -- module org.eclipse.angus.activation
   org.glassfish.jaxb:txw2:jar:4.0.5:runtime -- module com.sun.xml.txw2
   com.sun.istack:istack-commons-runtime:jar:4.1.2:runtime -- module com.sun.istack.runtime
   jakarta.inject:jakarta.inject-api:jar:2.0.1:runtime -- module jakarta.inject
   org.antlr:antlr4-runtime:jar:4.13.0:compile -- module org.antlr.antlr4.runtime [auto]
   org.springframework.data:spring-data-jpa:jar:3.3.4:compile -- module spring.data.jpa [auto]
   org.springframework.data:spring-data-commons:jar:3.3.4:compile -- module spring.data.commons [auto]
   org.springframework:spring-orm:jar:6.1.13:compile -- module spring.orm [auto]
   org.springframework:spring-context:jar:6.1.13:compile -- module spring.context [auto]
   org.springframework:spring-tx:jar:6.1.13:compile -- module spring.tx [auto]
   org.springframework:spring-beans:jar:6.1.13:compile -- module spring.beans [auto]
   jakarta.annotation:jakarta.annotation-api:jar:2.1.1:compile -- module jakarta.annotation
   org.springframework:spring-aspects:jar:6.1.13:compile -- module spring.aspects [auto]
   org.springframework.boot:spring-boot-starter-web:jar:3.3.4:compile -- module spring.boot.starter.web [auto]
   org.springframework.boot:spring-boot-starter:jar:3.3.4:compile -- module spring.boot.starter [auto]
   org.springframework.boot:spring-boot:jar:3.3.4:compile -- module spring.boot [auto]
   org.springframework.boot:spring-boot-autoconfigure:jar:3.3.4:compile -- module spring.boot.autoconfigure [auto]
   org.springframework.boot:spring-boot-starter-logging:jar:3.3.4:compile -- module spring.boot.starter.logging [auto]
   ch.qos.logback:logback-classic:jar:1.5.8:compile -- module ch.qos.logback.classic
   ch.qos.logback:logback-core:jar:1.5.8:compile -- module ch.qos.logback.core
   org.apache.logging.log4j:log4j-to-slf4j:jar:2.23.1:compile -- module org.apache.logging.log4j.to.slf4j
   org.apache.logging.log4j:log4j-api:jar:2.23.1:compile -- module org.apache.logging.log4j
   org.slf4j:jul-to-slf4j:jar:2.0.16:compile -- module jul.to.slf4j
   org.yaml:snakeyaml:jar:2.2:compile -- module org.yaml.snakeyaml
   org.springframework.boot:spring-boot-starter-json:jar:3.3.4:compile -- module spring.boot.starter.json [auto]
   com.fasterxml.jackson.datatype:jackson-datatype-jdk8:jar:2.17.2:compile -- module com.fasterxml.jackson.datatype.jdk8
   com.fasterxml.jackson.module:jackson-module-parameter-names:jar:2.17.2:compile -- module com.fasterxml.jackson.module.paramnames
   org.springframework.boot:spring-boot-starter-tomcat:jar:3.3.4:compile -- module spring.boot.starter.tomcat [auto]
   org.apache.tomcat.embed:tomcat-embed-core:jar:10.1.30:compile -- module org.apache.tomcat.embed.core
   org.apache.tomcat.embed:tomcat-embed-el:jar:10.1.30:compile -- module org.apache.tomcat.embed.el
   org.apache.tomcat.embed:tomcat-embed-websocket:jar:10.1.30:compile -- module org.apache.tomcat.embed.websocket
   org.springframework:spring-web:jar:6.1.13:compile -- module spring.web [auto]
   io.micrometer:micrometer-observation:jar:1.13.4:compile -- module micrometer.observation [auto]
   io.micrometer:micrometer-commons:jar:1.13.4:compile -- module micrometer.commons [auto]
   org.springframework:spring-webmvc:jar:6.1.13:compile -- module spring.webmvc [auto]
   org.springframework:spring-expression:jar:6.1.13:compile -- module spring.expression [auto]
   com.mysql:mysql-connector-j:jar:8.3.0:runtime -- module mysql.connector.j (auto)
   org.projectlombok:lombok:jar:1.18.34:compile (optional) -- module lombok
   org.springframework.boot:spring-boot-starter-test:jar:3.3.4:test -- module spring.boot.starter.test [auto]
   org.springframework.boot:spring-boot-test:jar:3.3.4:test -- module spring.boot.test [auto]
   org.springframework.boot:spring-boot-test-autoconfigure:jar:3.3.4:test -- module spring.boot.test.autoconfigure [auto]
   com.jayway.jsonpath:json-path:jar:2.9.0:test -- module json.path [auto]
   jakarta.xml.bind:jakarta.xml.bind-api:jar:4.0.2:runtime -- module jakarta.xml.bind
   jakarta.activation:jakarta.activation-api:jar:2.1.3:runtime -- module jakarta.activation
   net.minidev:json-smart:jar:2.5.1:test -- module json.smart (auto)
   net.minidev:accessors-smart:jar:2.5.1:test -- module accessors.smart (auto)
   org.ow2.asm:asm:jar:9.6:test -- module org.objectweb.asm
   org.assertj:assertj-core:jar:3.25.3:test -- module org.assertj.core
   org.awaitility:awaitility:jar:4.2.2:test -- module awaitility (auto)
   org.hamcrest:hamcrest:jar:2.2:test -- module org.hamcrest [auto]
   org.junit.jupiter:junit-jupiter:jar:5.10.3:test -- module org.junit.jupiter
   org.junit.jupiter:junit-jupiter-api:jar:5.10.3:test -- module org.junit.jupiter.api
   org.opentest4j:opentest4j:jar:1.3.0:test -- module org.opentest4j
   org.junit.platform:junit-platform-commons:jar:1.10.3:test -- module org.junit.platform.commons
   org.apiguardian:apiguardian-api:jar:1.1.2:test -- module org.apiguardian.api
   org.junit.jupiter:junit-jupiter-params:jar:5.10.3:test -- module org.junit.jupiter.params
   org.junit.jupiter:junit-jupiter-engine:jar:5.10.3:test -- module org.junit.jupiter.engine
   org.junit.platform:junit-platform-engine:jar:1.10.3:test -- module org.junit.platform.engine
   org.mockito:mockito-core:jar:5.11.0:test -- module org.mockito [auto]
   net.bytebuddy:byte-buddy-agent:jar:1.14.19:test -- module net.bytebuddy.agent
   org.objenesis:objenesis:jar:3.3:test -- module org.objenesis [auto]
   org.mockito:mockito-junit-jupiter:jar:5.11.0:test -- module org.mockito.junit.jupiter [auto]
   org.skyscreamer:jsonassert:jar:1.5.3:test -- module jsonassert (auto)
   com.vaadin.external.google:android-json:jar:0.0.20131108.vaadin1:test -- module android.json (auto)
   org.springframework:spring-core:jar:6.1.13:compile -- module spring.core [auto]
   org.springframework:spring-jcl:jar:6.1.13:compile -- module spring.jcl [auto]
   org.springframework:spring-test:jar:6.1.13:test -- module spring.test [auto]
   org.xmlunit:xmlunit-core:jar:2.9.1:test -- module org.xmlunit [auto]
   com.twilio.sdk:twilio:jar:8.31.1:compile -- module twilio (auto)
   commons-codec:commons-codec:jar:1.16.1:compile -- module org.apache.commons.codec
   commons-io:commons-io:jar:2.7:compile -- module org.apache.commons.io [auto]
   io.jsonwebtoken:jjwt-api:jar:0.11.2:compile -- module jjwt.api (auto)
   io.jsonwebtoken:jjwt-jackson:jar:0.11.2:compile -- module jjwt.jackson (auto)
   io.jsonwebtoken:jjwt-impl:jar:0.11.2:runtime -- module jjwt.impl (auto)
   org.apache.httpcomponents:httpclient:jar:4.5.13:compile -- module org.apache.httpcomponents.httpclient [auto]
   commons-logging:commons-logging:jar:1.2:compile -- module commons.logging (auto)
   org.apache.httpcomponents:httpcore:jar:4.4.16:compile -- module org.apache.httpcomponents.httpcore [auto]
   com.fasterxml.jackson.core:jackson-core:jar:2.17.2:compile -- module com.fasterxml.jackson.core
   com.fasterxml.jackson.core:jackson-annotations:jar:2.17.2:compile -- module com.fasterxml.jackson.annotation
   com.fasterxml.jackson.core:jackson-databind:jar:2.17.2:compile -- module com.fasterxml.jackson.databind
   com.fasterxml.jackson.datatype:jackson-datatype-jsr310:jar:2.17.2:compile -- module com.fasterxml.jackson.datatype.jsr310
   com.fasterxml.jackson.dataformat:jackson-dataformat-xml:jar:2.17.2:compile -- module com.fasterxml.jackson.dataformat.xml
   org.codehaus.woodstox:stax2-api:jar:4.2.2:compile -- module org.codehaus.stax2
   com.fasterxml.woodstox:woodstox-core:jar:6.7.0:compile -- module com.ctc.wstx
   org.slf4j:slf4j-api:jar:2.0.16:compile -- module org.slf4j
   javax.xml.bind:jaxb-api:jar:2.3.1:compile -- module java.xml.bind
   javax.activation:javax.activation-api:jar:1.2.0:compile -- module java.activation [auto]

